<?xml version="1.0" encoding="UTF-8" ?>
<testsuite errors="1" failures="0" hostname="bob" name="cs410.raytracer.TestModel" skipped="0" tests="1" time="0.0" timestamp="2015-09-10T07:09:07">
  <properties>
    <property name="ant.project.invoked-targets" value="main" />
    <property name="java.runtime.name" value="OpenJDK Runtime Environment" />
    <property name="sun.boot.library.path" value="/usr/lib/jvm/java-1.8.0-openjdk-1.8.0.60-14.b27.fc22.x86_64/jre/lib/amd64" />
    <property name="java.vm.version" value="25.60-b23" />
    <property name="ant.library.dir" value="/home/cpore/eclipse/plugins/org.apache.ant_1.9.4.v201504302020/lib" />
    <property name="ant.version" value="Apache Ant(TM) version 1.9.4 compiled on April 29 2014" />
    <property name="ant.java.version" value="1.8" />
    <property name="java.vm.vendor" value="Oracle Corporation" />
    <property name="java.vendor.url" value="http://java.oracle.com/" />
    <property name="path.separator" value=":" />
    <property name="java.vm.name" value="OpenJDK 64-Bit Server VM" />
    <property name="file.encoding.pkg" value="sun.io" />
    <property name="user.country" value="US" />
    <property name="sun.java.launcher" value="SUN_STANDARD" />
    <property name="sun.os.patch.level" value="unknown" />
    <property name="java.vm.specification.name" value="Java Virtual Machine Specification" />
    <property name="user.dir" value="/home/cpore/workspace/raytracer" />
    <property name="java.runtime.version" value="1.8.0_60-b27" />
    <property name="java.awt.graphicsenv" value="sun.awt.X11GraphicsEnvironment" />
    <property name="basedir" value="/home/cpore/workspace/raytracer" />
    <property name="java.endorsed.dirs" value="/usr/lib/jvm/java-1.8.0-openjdk-1.8.0.60-14.b27.fc22.x86_64/jre/lib/endorsed" />
    <property name="os.arch" value="amd64" />
    <property name="ant.project.default-target" value="main" />
    <property name="java.io.tmpdir" value="/tmp" />
    <property name="ant.core.lib" value="/home/cpore/eclipse/plugins/org.apache.ant_1.9.4.v201504302020/lib/ant.jar" />
    <property name="outputdir.property" value="src/models/output/" />
    <property name="line.separator" value="&#xa;" />
    <property name="java.vm.specification.vendor" value="Oracle Corporation" />
    <property name="os.name" value="Linux" />
    <property name="ant.home" value="/home/cpore/eclipse/plugins/org.apache.ant_1.9.4.v201504302020" />
    <property name="classpath.property" value="/home/cpore/workspace/raytracer/com.my.namespace/path/to/thing" />
    <property name="build.dir" value="/home/cpore/workspace/raytracer/bin" />
    <property name="ant.project.name" value="raytracer" />
    <property name="sun.jnu.encoding" value="UTF-8" />
    <property name="java.library.path" value="/usr/java/packages/lib/amd64:/usr/lib64:/lib64:/lib:/usr/lib" />
    <property name="java.class.version" value="52.0" />
    <property name="java.specification.name" value="Java Platform API Specification" />
    <property name="test.report.dir" value="/home/cpore/workspace/raytracer/src/testreport" />
    <property name="sun.management.compiler" value="HotSpot 64-Bit Tiered Compilers" />
    <property name="os.version" value="4.1.6-200.fc22.x86_64" />
    <property name="ant.file.type.raytracer" value="file" />
    <property name="ant.file" value="/home/cpore/workspace/raytracer/build.xml" />
    <property name="user.home" value="/home/cpore" />
    <property name="user.timezone" value="" />
    <property name="java.awt.printerjob" value="sun.print.PSPrinterJob" />
    <property name="java.specification.version" value="1.8" />
    <property name="file.encoding" value="UTF-8" />
    <property name="java.class.path" value="/home/cpore/eclipse/plugins/org.junit_4.12.0.v201504281640/junit.jar:/home/cpore/workspace/raytracer/bin:/home/cpore/eclipse/plugins/org.apache.ant_1.9.4.v201504302020/lib/ant-launcher.jar:/home/cpore/eclipse/plugins/org.apache.ant_1.9.4.v201504302020/lib/ant.jar:/home/cpore/eclipse/plugins/org.apache.ant_1.9.4.v201504302020/lib/ant-junit.jar:/home/cpore/eclipse/plugins/org.apache.ant_1.9.4.v201504302020/lib/ant-junit4.jar" />
    <property name="user.name" value="cpore" />
    <property name="java.vm.specification.version" value="1.8" />
    <property name="sun.java.command" value="org.apache.tools.ant.taskdefs.optional.junit.JUnitTestRunner cs410.raytracer.TestModel skipNonTests=false filtertrace=true haltOnError=false haltOnFailure=false formatter=org.apache.tools.ant.taskdefs.optional.junit.SummaryJUnitResultFormatter showoutput=false outputtoformatters=true logfailedtests=true threadid=0 logtestlistenerevents=false formatter=org.apache.tools.ant.taskdefs.optional.junit.XMLJUnitResultFormatter,/home/cpore/workspace/raytracer/src/testreport/TEST-cs410.raytracer.TestModel.xml crashfile=/home/cpore/workspace/raytracer/junitvmwatcher2347219123259090543.properties propsfile=/home/cpore/workspace/raytracer/junit1114356125987591906.properties" />
    <property name="sun.arch.data.model" value="64" />
    <property name="java.home" value="/usr/lib/jvm/java-1.8.0-openjdk-1.8.0.60-14.b27.fc22.x86_64/jre" />
    <property name="java.specification.vendor" value="Oracle Corporation" />
    <property name="user.language" value="en" />
    <property name="awt.toolkit" value="sun.awt.X11.XToolkit" />
    <property name="test.dir" value="/home/cpore/workspace/raytracer/src/test" />
    <property name="java.vm.info" value="mixed mode" />
    <property name="java.version" value="1.8.0_60" />
    <property name="java.ext.dirs" value="/usr/lib/jvm/java-1.8.0-openjdk-1.8.0.60-14.b27.fc22.x86_64/jre/lib/ext:/usr/java/packages/lib/ext" />
    <property name="sun.boot.class.path" value="/usr/lib/jvm/java-1.8.0-openjdk-1.8.0.60-14.b27.fc22.x86_64/jre/lib/resources.jar:/usr/lib/jvm/java-1.8.0-openjdk-1.8.0.60-14.b27.fc22.x86_64/jre/lib/rt.jar:/usr/lib/jvm/java-1.8.0-openjdk-1.8.0.60-14.b27.fc22.x86_64/jre/lib/sunrsasign.jar:/usr/lib/jvm/java-1.8.0-openjdk-1.8.0.60-14.b27.fc22.x86_64/jre/lib/jsse.jar:/usr/lib/jvm/java-1.8.0-openjdk-1.8.0.60-14.b27.fc22.x86_64/jre/lib/jce.jar:/usr/lib/jvm/java-1.8.0-openjdk-1.8.0.60-14.b27.fc22.x86_64/jre/lib/charsets.jar:/usr/lib/jvm/java-1.8.0-openjdk-1.8.0.60-14.b27.fc22.x86_64/jre/lib/jfr.jar:/usr/lib/jvm/java-1.8.0-openjdk-1.8.0.60-14.b27.fc22.x86_64/jre/classes" />
    <property name="java.vendor" value="Oracle Corporation" />
    <property name="file.separator" value="/" />
    <property name="src.dir" value="/home/cpore/workspace/raytracer/src/main" />
    <property name="java.vendor.url.bug" value="http://bugreport.sun.com/bugreport/" />
    <property name="sun.cpu.endian" value="little" />
    <property name="sun.io.unicode.encoding" value="UnicodeLittle" />
    <property name="ant.file.raytracer" value="/home/cpore/workspace/raytracer/build.xml" />
    <property name="sun.desktop" value="gnome" />
    <property name="jar.dir" value="/home/cpore/workspace/raytracer/jar" />
    <property name="sun.cpu.isalist" value="" />
  </properties>
  <error message="cs410.raytracer.TestModel" type="java.lang.ClassNotFoundException">java.lang.ClassNotFoundException: cs410.raytracer.TestModel
	at java.net.URLClassLoader.findClass(URLClassLoader.java:381)
	at java.lang.ClassLoader.loadClass(ClassLoader.java:424)
	at sun.misc.Launcher$AppClassLoader.loadClass(Launcher.java:331)
	at java.lang.ClassLoader.loadClass(ClassLoader.java:357)
	at java.lang.Class.forName0(Native Method)
	at java.lang.Class.forName(Class.java:264)
</error>
  <system-out><![CDATA[]]></system-out>
  <system-err><![CDATA[]]></system-err>
</testsuite>
